<?xml version="1.0" encoding="UTF-8"?>
<!-- Generated by org.testng.reporters.JUnitXMLReporter -->
<testsuite hostname="GS-5241" ignored="0" name="Automation Test Cases" tests="11" failures="1" timestamp="15 Aug 2020 14:13:11 GMT" time="43.52" errors="0">
  <testcase name="postMethodValidationDataFile" time="26.952" classname="apitest.test"/>
  <testcase name="postmethodjson" time="5.096" classname="apitest.test"/>
  <testcase name="postmethodwithpojoclass" time="3.938" classname="apitest.test"/>
  <testcase name="putmethodjson" time="1.424" classname="apitest.test"/>
  <testcase name="verifyEmailUID" time="1.066" classname="apitest.test">
    <skipped/>
  </testcase> <!-- verifyEmailUID -->
  <testcase name="verifyEmailUID" time="0.657" classname="apitest.test">
    <skipped/>
  </testcase> <!-- verifyEmailUID -->
  <testcase name="verifyEmailUID" time="0.819" classname="apitest.test">
    <failure type="java.lang.AssertionError" message="expected [null] but found [21]">
      <![CDATA[java.lang.AssertionError: expected [null] but found [21]at apitest.test.verifyEmailUID(test.java:138)... Removed 31 stack frames]]>
    </failure>
  </testcase> <!-- verifyEmailUID -->
  <testcase name="verifyEmailUID2" time="1.011" classname="apitest.test"/>
  <testcase name="verifyEmailUIDheaders" time="0.733" classname="apitest.test"/>
  <testcase name="verifyGetUserStatusCode" time="0.513" classname="apitest.test"/>
  <testcase name="verifyStatusCodeDelete" time="0.851" classname="apitest.test"/>
</testsuite> <!-- Automation Test Cases -->
